<?xml version="1.0" encoding="UTF-8"?>
<testng-results skipped="0" failed="0" total="1" passed="1">
  <reporter-output>
  </reporter-output>
  <suite name="Default suite" duration-ms="18739" started-at="2017-03-11T08:56:00Z" finished-at="2017-03-11T08:56:19Z">
    <groups>
    </groups>
    <test name="Default test" duration-ms="18739" started-at="2017-03-11T08:56:00Z" finished-at="2017-03-11T08:56:19Z">
      <class name="myselenium.commands.PracticeFormTest">
        <test-method status="PASS" signature="fillPracticeFrom1()[pri:0, instance:myselenium.commands.PracticeFormTest@8bd1b6a]" name="fillPracticeFrom1" duration-ms="18715" started-at="2017-03-11T14:26:00Z" finished-at="2017-03-11T14:26:19Z">
          <reporter-output>
          </reporter-output>
        </test-method> <!-- fillPracticeFrom1 -->
      </class> <!-- myselenium.commands.PracticeFormTest -->
    </test> <!-- Default test -->
  </suite> <!-- Default suite -->
</testng-results>
